        -:    0:Source:D:/Project_mp/testfinal/test/printfunc.c
        -:    0:Programs:14
        -:    1:#include "testhead.h"
        -:    2:
        6:    3:void printfunction()
        -:    4:{
        6:    5:    printf(ANSI_COLOR_RESET "\nQuery Packet:%d", inc + 1);
        -:    6:
        6:    7:    if (ModbusTcpTxBuf[7] > 0x80)
        -:    8:    {
    #####:    9:        switch (ModbusTcpTxBuf[8])
        -:   10:        {
        -:   11:        case 1:
    #####:   12:            printf(ANSI_COLOR_ORANGE " - Function Error ");
    #####:   13:            break;
        -:   14:        case 2:
    #####:   15:            printf(ANSI_COLOR_ORANGE " - Address Error ");
    #####:   16:            break;
        -:   17:        case 3:
    #####:   18:            printf(ANSI_COLOR_ORANGE " - Data Error ");
    #####:   19:            break;
        -:   20:        }
        -:   21:    }
        -:   22:
        -:   23:#ifdef result
        -:   24:
        6:   25:    printf(ANSI_COLOR_RESET "\n");
        6:   26:    printf("Number of packets to send: %d\n", ModbusTxLength);
        -:   27:
       84:   28:    for (int i = 0; i < ModbusTcpRxBuftest[inc][0]; i++)
       78:   29:        printf("%02X ", ModbusTcpRxBuf[i]);
        6:   30:    printf("\n");
        -:   31:
        6:   32:    printf("Expected Response:\n");
       76:   33:    for (int i = 0; i < Test_TXtest[inc][0]; i++)
       70:   34:        printf("%02X ", Test_TX[i]);
        6:   35:    printf("\n");
        -:   36:
        6:   37:    printf("Actual Response:\n");
        6:   38:    int responseLength = (ModbusTcpTxBuf[7] == 0x06 || ModbusTcpTxBuf[7] == 0x10 || ModbusTcpTxBuf[7] == 0x05 || ModbusTcpTxBuf[7] == 0x0f) ? 0x0C : ((ModbusTcpTxBuf[7] < 0x80) ? 0x09 + ModbusTcpTxBuf[8] : 0x09);
       76:   39:    for (int i = 0; i < responseLength; i++)
       70:   40:        printf("%02X ", ModbusTcpTxBuf[i]);
        6:   41:    printf("\n");
        -:   42:
        -:   43:#endif
        -:   44:
        6:   45:    printf(Test_Res == 1 ? ANSI_COLOR_GREEN " Test Passed" : ANSI_COLOR_RED " Test failed\n");
        -:   46:
        6:   47:    if (ModbusTcpRxBuf[7] == 0x6 || ModbusTcpRxBuf[7] == 0x10 || ModbusTcpTxBuf[7] == 0x05 || ModbusTcpRxBuf[7] == 0x0f)
        2:   48:        printf(test_c == 1 ? ANSI_COLOR_RED " - Data not Entered" : ANSI_COLOR_GREEN " - Data Entered");
        -:   49:
        6:   50:    printf("\n");
        6:   51:    printf(ANSI_COLOR_RESET); // Reset color to default
        6:   52:}
